# JRE version: OpenJDK Runtime Environment (21.0.10) (build 21.0.10+-14961533-b1163.108)
# Java VM: OpenJDK 64-Bit Server VM (21.0.10+-14961533-b1163.108, mixed mode, tiered, compressed oops, compressed class ptrs, g1 gc, windows-amd64)
GC Precious Log:
 CardTable entry size: 512
 Card Set container configuration: InlinePtr #cards 4 size 8 Array Of Cards #cards 16 size 48 Howl #buckets 8 coarsen threshold 3686 Howl Bitmap #cards 512 size 80 coarsen threshold 460 Card regions per heap region 1 cards per card region 4096
 CPUs: 16 total, 16 available
 Memory: 15775M
 Large Page Support: Disabled
 NUMA Support: Disabled
 Compressed Oops: Enabled (Zero based)
 Heap Region Size: 2M
 Heap Min Capacity: 8M
 Heap Initial Capacity: 248M
 Heap Max Capacity: 4G
 Pre-touch: Disabled
 Parallel Workers: 13
 Concurrent Workers: 3
 Concurrent Refinement Workers: 13
 Periodic GC: Disabled
Heap:
 garbage-first heap   total 532480K, used 188357K [0x0000000700000000, 0x0000000800000000)
  region size 2048K, 13 young (26624K), 13 survivors (26624K)
 Metaspace       used 174098K, committed 176448K, reserved 1245184K
  class space    used 22359K, committed 23488K, reserved 1048576K
GC Heap History (20 events):
Event: 60.949 GC heap after
{Heap after GC invocations=95 (full 0):
 garbage-first heap   total 344064K, used 116769K [0x0000000700000000, 0x0000000800000000)
  region size 2048K, 7 young (14336K), 7 survivors (14336K)
 Metaspace       used 167636K, committed 169984K, reserved 1245184K
  class space    used 21825K, committed 22976K, reserved 1048576K
}
Event: 63.424 GC heap before
{Heap before GC invocations=96 (full 0):
 garbage-first heap   total 344064K, used 311329K [0x0000000700000000, 0x0000000800000000)
  region size 2048K, 100 young (204800K), 7 survivors (14336K)
 Metaspace       used 167906K, committed 170240K, reserved 1245184K
  class space    used 21839K, committed 22976K, reserved 1048576K
}
Event: 63.431 GC heap after
{Heap after GC invocations=97 (full 0):
 garbage-first heap   total 344064K, used 124697K [0x0000000700000000, 0x0000000800000000)
  region size 2048K, 8 young (16384K), 8 survivors (16384K)
 Metaspace       used 167906K, committed 170240K, reserved 1245184K
  class space    used 21839K, committed 22976K, reserved 1048576K
}
Event: 63.964 GC heap before
{Heap before GC invocations=97 (full 0):
 garbage-first heap   total 344064K, used 313113K [0x0000000700000000, 0x0000000800000000)
  region size 2048K, 100 young (204800K), 8 survivors (16384K)
 Metaspace       used 167906K, committed 170240K, reserved 1245184K
  class space    used 21839K, committed 22976K, reserved 1048576K
}
Event: 63.972 GC heap after
{Heap after GC invocations=98 (full 0):
 garbage-first heap   total 344064K, used 125974K [0x0000000700000000, 0x0000000800000000)
  region size 2048K, 8 young (16384K), 8 survivors (16384K)
 Metaspace       used 167906K, committed 170240K, reserved 1245184K
  class space    used 21839K, committed 22976K, reserved 1048576K
}
Event: 64.243 GC heap before
{Heap before GC invocations=98 (full 0):
 garbage-first heap   total 344064K, used 207894K [0x0000000700000000, 0x0000000800000000)
  region size 2048K, 50 young (102400K), 8 survivors (16384K)
 Metaspace       used 168468K, committed 170752K, reserved 1245184K
  class space    used 21912K, committed 23040K, reserved 1048576K
}
Event: 64.247 GC heap after
{Heap after GC invocations=99 (full 0):
 garbage-first heap   total 344064K, used 117966K [0x0000000700000000, 0x0000000800000000)
  region size 2048K, 6 young (12288K), 6 survivors (12288K)
 Metaspace       used 168468K, committed 170752K, reserved 1245184K
  class space    used 21912K, committed 23040K, reserved 1048576K
}
Event: 64.536 GC heap before
{Heap before GC invocations=100 (full 0):
 garbage-first heap   total 344064K, used 318670K [0x0000000700000000, 0x0000000800000000)
  region size 2048K, 101 young (206848K), 6 survivors (12288K)
 Metaspace       used 173100K, committed 175488K, reserved 1245184K
  class space    used 22305K, committed 23424K, reserved 1048576K
}
Event: 64.556 GC heap after
{Heap after GC invocations=101 (full 0):
 garbage-first heap   total 368640K, used 161325K [0x0000000700000000, 0x0000000800000000)
  region size 2048K, 13 young (26624K), 13 survivors (26624K)
 Metaspace       used 173100K, committed 175488K, reserved 1245184K
  class space    used 22305K, committed 23424K, reserved 1048576K
}
Event: 64.696 GC heap before
{Heap before GC invocations=101 (full 0):
 garbage-first heap   total 368640K, used 331309K [0x0000000700000000, 0x0000000800000000)
  region size 2048K, 96 young (196608K), 13 survivors (26624K)
 Metaspace       used 173989K, committed 176320K, reserved 1245184K
  class space    used 22364K, committed 23488K, reserved 1048576K
}
Event: 64.710 GC heap after
{Heap after GC invocations=102 (full 0):
 garbage-first heap   total 483328K, used 170856K [0x0000000700000000, 0x0000000800000000)
  region size 2048K, 4 young (8192K), 4 survivors (8192K)
 Metaspace       used 173989K, committed 176320K, reserved 1245184K
  class space    used 22364K, committed 23488K, reserved 1048576K
}
Event: 64.856 GC heap before
{Heap before GC invocations=102 (full 0):
 garbage-first heap   total 483328K, used 412520K [0x0000000700000000, 0x0000000800000000)
  region size 2048K, 124 young (253952K), 4 survivors (8192K)
 Metaspace       used 174058K, committed 176384K, reserved 1245184K
  class space    used 22365K, committed 23488K, reserved 1048576K
}
Event: 64.860 GC heap after
{Heap after GC invocations=103 (full 0):
 garbage-first heap   total 483328K, used 171994K [0x0000000700000000, 0x0000000800000000)
  region size 2048K, 4 young (8192K), 4 survivors (8192K)
 Metaspace       used 174058K, committed 176384K, reserved 1245184K
  class space    used 22365K, committed 23488K, reserved 1048576K
}
Event: 65.005 GC heap before
{Heap before GC invocations=103 (full 0):
 garbage-first heap   total 483328K, used 423898K [0x0000000700000000, 0x0000000800000000)
  region size 2048K, 129 young (264192K), 4 survivors (8192K)
 Metaspace       used 174097K, committed 176448K, reserved 1245184K
  class space    used 22365K, committed 23488K, reserved 1048576K
}
Event: 65.010 GC heap after
{Heap after GC invocations=104 (full 0):
 garbage-first heap   total 483328K, used 177585K [0x0000000700000000, 0x0000000800000000)
  region size 2048K, 7 young (14336K), 7 survivors (14336K)
 Metaspace       used 174097K, committed 176448K, reserved 1245184K
  class space    used 22365K, committed 23488K, reserved 1048576K
}
Event: 65.096 GC heap before
{Heap before GC invocations=104 (full 0):
 garbage-first heap   total 483328K, used 353713K [0x0000000700000000, 0x0000000800000000)
  region size 2048K, 95 young (194560K), 7 survivors (14336K)
 Metaspace       used 174108K, committed 176448K, reserved 1245184K
  class space    used 22365K, committed 23488K, reserved 1048576K
}
Event: 65.101 GC heap after
{Heap after GC invocations=105 (full 0):
 garbage-first heap   total 483328K, used 173298K [0x0000000700000000, 0x0000000800000000)
  region size 2048K, 5 young (10240K), 5 survivors (10240K)
 Metaspace       used 174108K, committed 176448K, reserved 1245184K
  class space    used 22365K, committed 23488K, reserved 1048576K
}
Event: 65.296 GC heap before
{Heap before GC invocations=106 (full 0):
 garbage-first heap   total 483328K, used 441586K [0x0000000700000000, 0x0000000800000000)
  region size 2048K, 134 young (274432K), 5 survivors (10240K)
 Metaspace       used 174088K, committed 176448K, reserved 1245184K
  class space    used 22359K, committed 23488K, reserved 1048576K
}
Event: 65.302 GC heap after
{Heap after GC invocations=107 (full 0):
 garbage-first heap   total 483328K, used 179936K [0x0000000700000000, 0x0000000800000000)
  region size 2048K, 8 young (16384K), 8 survivors (16384K)
 Metaspace       used 174088K, committed 176448K, reserved 1245184K
  class space    used 22359K, committed 23488K, reserved 1048576K
}
Event: 65.446 GC heap before
{Heap before GC invocations=107 (full 0):
 garbage-first heap   total 483328K, used 442080K [0x0000000700000000, 0x0000000800000000)
  region size 2048K, 136 young (278528K), 8 survivors (16384K)
 Metaspace       used 174098K, committed 176448K, reserved 1245184K
  class space    used 22359K, committed 23488K, reserved 1048576K
}

